[0.110s] DEBUG:colcon:Command line arguments: ['/usr/bin/colcon', 'build']
[0.110s] DEBUG:colcon:Parsed command line arguments: Namespace(log_base=None, log_level=None, verb_name='build', build_base='build', install_base='install', merge_install=False, symlink_install=False, test_result_base=None, continue_on_error=False, executor='parallel', parallel_workers=8, event_handlers=None, ignore_user_meta=False, metas=['./colcon.meta'], base_paths=['.'], packages_ignore=None, packages_ignore_regex=None, paths=None, packages_up_to=None, packages_up_to_regex=None, packages_above=None, packages_above_and_dependencies=None, packages_above_depth=None, packages_select_by_dep=None, packages_skip_by_dep=None, packages_skip_up_to=None, packages_select_build_failed=False, packages_skip_build_finished=False, packages_select_test_failures=False, packages_skip_test_passed=False, packages_select=None, packages_skip=None, packages_select_regex=None, packages_skip_regex=None, packages_start=None, packages_end=None, allow_overriding=[], cmake_args=None, cmake_target=None, cmake_target_skip_unavailable=False, cmake_clean_cache=False, cmake_clean_first=False, cmake_force_configure=False, ament_cmake_args=None, catkin_cmake_args=None, catkin_skip_building_tests=False, mixin_files=None, mixin=None, verb_parser=<colcon_mixin.mixin.mixin_argument.MixinArgumentDecorator object at 0x7596232a8580>, verb_extension=<colcon_core.verb.build.BuildVerb object at 0x759623273f70>, main=<bound method BuildVerb.main of <colcon_core.verb.build.BuildVerb object at 0x759623273f70>>, mixin_verb=('build',))
[0.150s] Level 1:colcon.colcon_core.package_discovery:discover_packages(colcon_meta) check parameters
[0.150s] Level 1:colcon.colcon_core.package_discovery:discover_packages(recursive) check parameters
[0.150s] Level 1:colcon.colcon_core.package_discovery:discover_packages(ignore) check parameters
[0.150s] Level 1:colcon.colcon_core.package_discovery:discover_packages(path) check parameters
[0.150s] Level 1:colcon.colcon_core.package_discovery:discover_packages(colcon_meta) discover
[0.150s] Level 1:colcon.colcon_core.package_discovery:discover_packages(recursive) discover
[0.150s] INFO:colcon.colcon_core.package_discovery:Crawling recursively for packages in '/home/airlab/SMIP_UAV'
[0.150s] Level 1:colcon.colcon_core.package_identification:_identify(.) by extensions ['ignore', 'ignore_ament_install']
[0.150s] Level 1:colcon.colcon_core.package_identification:_identify(.) by extension 'ignore'
[0.150s] Level 1:colcon.colcon_core.package_identification:_identify(.) by extension 'ignore_ament_install'
[0.150s] Level 1:colcon.colcon_core.package_identification:_identify(.) by extensions ['colcon_pkg']
[0.151s] Level 1:colcon.colcon_core.package_identification:_identify(.) by extension 'colcon_pkg'
[0.151s] Level 1:colcon.colcon_core.package_identification:_identify(.) by extensions ['colcon_meta']
[0.151s] Level 1:colcon.colcon_core.package_identification:_identify(.) by extension 'colcon_meta'
[0.151s] Level 1:colcon.colcon_core.package_identification:_identify(.) by extensions ['ros']
[0.151s] Level 1:colcon.colcon_core.package_identification:_identify(.) by extension 'ros'
[0.165s] Level 1:colcon.colcon_core.package_identification:_identify(.) by extensions ['cmake', 'python']
[0.165s] Level 1:colcon.colcon_core.package_identification:_identify(.) by extension 'cmake'
[0.165s] Level 1:colcon.colcon_core.package_identification:_identify(.) by extension 'python'
[0.165s] Level 1:colcon.colcon_core.package_identification:_identify(.) by extensions ['python_setup_py']
[0.165s] Level 1:colcon.colcon_core.package_identification:_identify(.) by extension 'python_setup_py'
[0.165s] Level 1:colcon.colcon_core.package_identification:_identify(build) by extensions ['ignore', 'ignore_ament_install']
[0.165s] Level 1:colcon.colcon_core.package_identification:_identify(build) by extension 'ignore'
[0.165s] Level 1:colcon.colcon_core.package_identification:_identify(build) ignored
[0.166s] Level 1:colcon.colcon_core.package_identification:_identify(data) by extensions ['ignore', 'ignore_ament_install']
[0.166s] Level 1:colcon.colcon_core.package_identification:_identify(data) by extension 'ignore'
[0.166s] Level 1:colcon.colcon_core.package_identification:_identify(data) by extension 'ignore_ament_install'
[0.166s] Level 1:colcon.colcon_core.package_identification:_identify(data) by extensions ['colcon_pkg']
[0.166s] Level 1:colcon.colcon_core.package_identification:_identify(data) by extension 'colcon_pkg'
[0.166s] Level 1:colcon.colcon_core.package_identification:_identify(data) by extensions ['colcon_meta']
[0.166s] Level 1:colcon.colcon_core.package_identification:_identify(data) by extension 'colcon_meta'
[0.166s] Level 1:colcon.colcon_core.package_identification:_identify(data) by extensions ['ros']
[0.166s] Level 1:colcon.colcon_core.package_identification:_identify(data) by extension 'ros'
[0.166s] Level 1:colcon.colcon_core.package_identification:_identify(data) by extensions ['cmake', 'python']
[0.166s] Level 1:colcon.colcon_core.package_identification:_identify(data) by extension 'cmake'
[0.166s] Level 1:colcon.colcon_core.package_identification:_identify(data) by extension 'python'
[0.166s] Level 1:colcon.colcon_core.package_identification:_identify(data) by extensions ['python_setup_py']
[0.166s] Level 1:colcon.colcon_core.package_identification:_identify(data) by extension 'python_setup_py'
[0.166s] Level 1:colcon.colcon_core.package_identification:_identify(install) by extensions ['ignore', 'ignore_ament_install']
[0.166s] Level 1:colcon.colcon_core.package_identification:_identify(install) by extension 'ignore'
[0.166s] Level 1:colcon.colcon_core.package_identification:_identify(install) ignored
[0.166s] Level 1:colcon.colcon_core.package_identification:_identify(log) by extensions ['ignore', 'ignore_ament_install']
[0.167s] Level 1:colcon.colcon_core.package_identification:_identify(log) by extension 'ignore'
[0.167s] Level 1:colcon.colcon_core.package_identification:_identify(log) ignored
[0.167s] Level 1:colcon.colcon_core.package_identification:_identify(misc) by extensions ['ignore', 'ignore_ament_install']
[0.167s] Level 1:colcon.colcon_core.package_identification:_identify(misc) by extension 'ignore'
[0.167s] Level 1:colcon.colcon_core.package_identification:_identify(misc) by extension 'ignore_ament_install'
[0.167s] Level 1:colcon.colcon_core.package_identification:_identify(misc) by extensions ['colcon_pkg']
[0.167s] Level 1:colcon.colcon_core.package_identification:_identify(misc) by extension 'colcon_pkg'
[0.167s] Level 1:colcon.colcon_core.package_identification:_identify(misc) by extensions ['colcon_meta']
[0.167s] Level 1:colcon.colcon_core.package_identification:_identify(misc) by extension 'colcon_meta'
[0.167s] Level 1:colcon.colcon_core.package_identification:_identify(misc) by extensions ['ros']
[0.167s] Level 1:colcon.colcon_core.package_identification:_identify(misc) by extension 'ros'
[0.167s] Level 1:colcon.colcon_core.package_identification:_identify(misc) by extensions ['cmake', 'python']
[0.167s] Level 1:colcon.colcon_core.package_identification:_identify(misc) by extension 'cmake'
[0.167s] Level 1:colcon.colcon_core.package_identification:_identify(misc) by extension 'python'
[0.167s] Level 1:colcon.colcon_core.package_identification:_identify(misc) by extensions ['python_setup_py']
[0.167s] Level 1:colcon.colcon_core.package_identification:_identify(misc) by extension 'python_setup_py'
[0.167s] Level 1:colcon.colcon_core.package_identification:_identify(smip_uav) by extensions ['ignore', 'ignore_ament_install']
[0.167s] Level 1:colcon.colcon_core.package_identification:_identify(smip_uav) by extension 'ignore'
[0.167s] Level 1:colcon.colcon_core.package_identification:_identify(smip_uav) by extension 'ignore_ament_install'
[0.167s] Level 1:colcon.colcon_core.package_identification:_identify(smip_uav) by extensions ['colcon_pkg']
[0.167s] Level 1:colcon.colcon_core.package_identification:_identify(smip_uav) by extension 'colcon_pkg'
[0.167s] Level 1:colcon.colcon_core.package_identification:_identify(smip_uav) by extensions ['colcon_meta']
[0.167s] Level 1:colcon.colcon_core.package_identification:_identify(smip_uav) by extension 'colcon_meta'
[0.168s] Level 1:colcon.colcon_core.package_identification:_identify(smip_uav) by extensions ['ros']
[0.168s] Level 1:colcon.colcon_core.package_identification:_identify(smip_uav) by extension 'ros'
[0.170s] DEBUG:colcon.colcon_core.package_identification:Package 'smip_uav' with type 'ros.ament_cmake' and name 'smip_uav'
[0.170s] Level 1:colcon.colcon_core.package_discovery:discover_packages(recursive) using defaults
[0.170s] Level 1:colcon.colcon_core.package_discovery:discover_packages(ignore) discover
[0.170s] Level 1:colcon.colcon_core.package_discovery:discover_packages(ignore) using defaults
[0.170s] Level 1:colcon.colcon_core.package_discovery:discover_packages(path) discover
[0.170s] Level 1:colcon.colcon_core.package_discovery:discover_packages(path) using defaults
[0.191s] Level 1:colcon.colcon_core.package_discovery:discover_packages(prefix_path) check parameters
[0.191s] Level 1:colcon.colcon_core.package_discovery:discover_packages(prefix_path) discover
[0.192s] DEBUG:colcon.colcon_installed_package_information.package_discovery:Found 1 installed packages in /home/airlab/SMIP_UAV/install
[0.194s] DEBUG:colcon.colcon_installed_package_information.package_discovery:Found 317 installed packages in /opt/ros/humble
[0.195s] Level 1:colcon.colcon_core.package_discovery:discover_packages(prefix_path) using defaults
[0.232s] Level 5:colcon.colcon_core.verb:set package 'smip_uav' build argument 'cmake_args' from command line to 'None'
[0.233s] Level 5:colcon.colcon_core.verb:set package 'smip_uav' build argument 'cmake_target' from command line to 'None'
[0.233s] Level 5:colcon.colcon_core.verb:set package 'smip_uav' build argument 'cmake_target_skip_unavailable' from command line to 'False'
[0.233s] Level 5:colcon.colcon_core.verb:set package 'smip_uav' build argument 'cmake_clean_cache' from command line to 'False'
[0.233s] Level 5:colcon.colcon_core.verb:set package 'smip_uav' build argument 'cmake_clean_first' from command line to 'False'
[0.233s] Level 5:colcon.colcon_core.verb:set package 'smip_uav' build argument 'cmake_force_configure' from command line to 'False'
[0.233s] Level 5:colcon.colcon_core.verb:set package 'smip_uav' build argument 'ament_cmake_args' from command line to 'None'
[0.233s] Level 5:colcon.colcon_core.verb:set package 'smip_uav' build argument 'catkin_cmake_args' from command line to 'None'
[0.233s] Level 5:colcon.colcon_core.verb:set package 'smip_uav' build argument 'catkin_skip_building_tests' from command line to 'False'
[0.233s] DEBUG:colcon.colcon_core.verb:Building package 'smip_uav' with the following arguments: {'ament_cmake_args': None, 'build_base': '/home/airlab/SMIP_UAV/build/smip_uav', 'catkin_cmake_args': None, 'catkin_skip_building_tests': False, 'cmake_args': None, 'cmake_clean_cache': False, 'cmake_clean_first': False, 'cmake_force_configure': False, 'cmake_target': None, 'cmake_target_skip_unavailable': False, 'install_base': '/home/airlab/SMIP_UAV/install/smip_uav', 'merge_install': False, 'path': '/home/airlab/SMIP_UAV/smip_uav', 'symlink_install': False, 'test_result_base': None}
[0.233s] INFO:colcon.colcon_core.executor:Executing jobs using 'parallel' executor
[0.234s] DEBUG:colcon.colcon_parallel_executor.executor.parallel:run_until_complete
[0.234s] INFO:colcon.colcon_ros.task.ament_cmake.build:Building ROS package in '/home/airlab/SMIP_UAV/smip_uav' with build type 'ament_cmake'
[0.234s] INFO:colcon.colcon_cmake.task.cmake.build:Building CMake package in '/home/airlab/SMIP_UAV/smip_uav'
[0.236s] INFO:colcon.colcon_core.plugin_system:Skipping extension 'colcon_core.shell.bat': Not used on non-Windows systems
[0.236s] INFO:colcon.colcon_core.shell:Skip shell extension 'powershell' for command environment: Not usable outside of PowerShell
[0.236s] DEBUG:colcon.colcon_core.shell:Skip shell extension 'dsv' for command environment
[0.244s] DEBUG:colcon.colcon_core.event_handler.log_command:Invoking command in '/home/airlab/SMIP_UAV/build/smip_uav': CMAKE_PREFIX_PATH=${CMAKE_PREFIX_PATH}:/opt/ros/humble /usr/bin/cmake --build /home/airlab/SMIP_UAV/build/smip_uav -- -j8 -l8
[15.992s] DEBUG:colcon.colcon_core.event_handler.log_command:Invoked command in '/home/airlab/SMIP_UAV/build/smip_uav' returned '0': CMAKE_PREFIX_PATH=${CMAKE_PREFIX_PATH}:/opt/ros/humble /usr/bin/cmake --build /home/airlab/SMIP_UAV/build/smip_uav -- -j8 -l8
[16.002s] DEBUG:colcon.colcon_core.event_handler.log_command:Invoking command in '/home/airlab/SMIP_UAV/build/smip_uav': CMAKE_PREFIX_PATH=${CMAKE_PREFIX_PATH}:/opt/ros/humble /usr/bin/cmake --install /home/airlab/SMIP_UAV/build/smip_uav
[16.012s] Level 1:colcon.colcon_core.environment:create_environment_scripts_only(smip_uav)
[16.015s] Level 1:colcon.colcon_core.environment:checking '/home/airlab/SMIP_UAV/install/smip_uav' for CMake module files
[16.015s] Level 1:colcon.colcon_core.environment:checking '/home/airlab/SMIP_UAV/install/smip_uav' for CMake config files
[16.016s] Level 1:colcon.colcon_core.shell:create_environment_hook('smip_uav', 'cmake_prefix_path')
[16.016s] INFO:colcon.colcon_core.shell:Creating environment hook '/home/airlab/SMIP_UAV/install/smip_uav/share/smip_uav/hook/cmake_prefix_path.ps1'
[16.018s] INFO:colcon.colcon_core.shell:Creating environment descriptor '/home/airlab/SMIP_UAV/install/smip_uav/share/smip_uav/hook/cmake_prefix_path.dsv'
[16.019s] INFO:colcon.colcon_core.shell:Creating environment hook '/home/airlab/SMIP_UAV/install/smip_uav/share/smip_uav/hook/cmake_prefix_path.sh'
[16.019s] DEBUG:colcon.colcon_core.event_handler.log_command:Invoked command in '/home/airlab/SMIP_UAV/build/smip_uav' returned '0': CMAKE_PREFIX_PATH=${CMAKE_PREFIX_PATH}:/opt/ros/humble /usr/bin/cmake --install /home/airlab/SMIP_UAV/build/smip_uav
[16.020s] Level 1:colcon.colcon_core.environment:checking '/home/airlab/SMIP_UAV/install/smip_uav/lib'
[16.020s] Level 1:colcon.colcon_core.environment:checking '/home/airlab/SMIP_UAV/install/smip_uav/bin'
[16.020s] Level 1:colcon.colcon_core.environment:checking '/home/airlab/SMIP_UAV/install/smip_uav/lib/pkgconfig/smip_uav.pc'
[16.021s] Level 1:colcon.colcon_core.environment:checking '/home/airlab/SMIP_UAV/install/smip_uav/lib/python3.10/site-packages'
[16.021s] Level 1:colcon.colcon_core.environment:checking '/home/airlab/SMIP_UAV/install/smip_uav/bin'
[16.021s] INFO:colcon.colcon_core.shell:Creating package script '/home/airlab/SMIP_UAV/install/smip_uav/share/smip_uav/package.ps1'
[16.022s] INFO:colcon.colcon_core.shell:Creating package descriptor '/home/airlab/SMIP_UAV/install/smip_uav/share/smip_uav/package.dsv'
[16.023s] INFO:colcon.colcon_core.shell:Creating package script '/home/airlab/SMIP_UAV/install/smip_uav/share/smip_uav/package.sh'
[16.024s] INFO:colcon.colcon_core.shell:Creating package script '/home/airlab/SMIP_UAV/install/smip_uav/share/smip_uav/package.bash'
[16.025s] INFO:colcon.colcon_core.shell:Creating package script '/home/airlab/SMIP_UAV/install/smip_uav/share/smip_uav/package.zsh'
[16.025s] Level 1:colcon.colcon_core.environment:create_file_with_runtime_dependencies(/home/airlab/SMIP_UAV/install/smip_uav/share/colcon-core/packages/smip_uav)
[16.026s] Level 1:colcon.colcon_core.environment:create_environment_scripts_only(smip_uav)
[16.026s] Level 1:colcon.colcon_core.environment:checking '/home/airlab/SMIP_UAV/install/smip_uav' for CMake module files
[16.027s] Level 1:colcon.colcon_core.environment:checking '/home/airlab/SMIP_UAV/install/smip_uav' for CMake config files
[16.027s] Level 1:colcon.colcon_core.shell:create_environment_hook('smip_uav', 'cmake_prefix_path')
[16.028s] INFO:colcon.colcon_core.shell:Creating environment hook '/home/airlab/SMIP_UAV/install/smip_uav/share/smip_uav/hook/cmake_prefix_path.ps1'
[16.028s] INFO:colcon.colcon_core.shell:Creating environment descriptor '/home/airlab/SMIP_UAV/install/smip_uav/share/smip_uav/hook/cmake_prefix_path.dsv'
[16.029s] INFO:colcon.colcon_core.shell:Creating environment hook '/home/airlab/SMIP_UAV/install/smip_uav/share/smip_uav/hook/cmake_prefix_path.sh'
[16.029s] Level 1:colcon.colcon_core.environment:checking '/home/airlab/SMIP_UAV/install/smip_uav/lib'
[16.030s] Level 1:colcon.colcon_core.environment:checking '/home/airlab/SMIP_UAV/install/smip_uav/bin'
[16.030s] Level 1:colcon.colcon_core.environment:checking '/home/airlab/SMIP_UAV/install/smip_uav/lib/pkgconfig/smip_uav.pc'
[16.030s] Level 1:colcon.colcon_core.environment:checking '/home/airlab/SMIP_UAV/install/smip_uav/lib/python3.10/site-packages'
[16.030s] Level 1:colcon.colcon_core.environment:checking '/home/airlab/SMIP_UAV/install/smip_uav/bin'
[16.031s] INFO:colcon.colcon_core.shell:Creating package script '/home/airlab/SMIP_UAV/install/smip_uav/share/smip_uav/package.ps1'
[16.031s] INFO:colcon.colcon_core.shell:Creating package descriptor '/home/airlab/SMIP_UAV/install/smip_uav/share/smip_uav/package.dsv'
[16.032s] INFO:colcon.colcon_core.shell:Creating package script '/home/airlab/SMIP_UAV/install/smip_uav/share/smip_uav/package.sh'
[16.032s] INFO:colcon.colcon_core.shell:Creating package script '/home/airlab/SMIP_UAV/install/smip_uav/share/smip_uav/package.bash'
[16.033s] INFO:colcon.colcon_core.shell:Creating package script '/home/airlab/SMIP_UAV/install/smip_uav/share/smip_uav/package.zsh'
[16.033s] Level 1:colcon.colcon_core.environment:create_file_with_runtime_dependencies(/home/airlab/SMIP_UAV/install/smip_uav/share/colcon-core/packages/smip_uav)
[16.034s] DEBUG:colcon.colcon_parallel_executor.executor.parallel:closing loop
[16.034s] DEBUG:colcon.colcon_parallel_executor.executor.parallel:loop closed
[16.034s] DEBUG:colcon.colcon_parallel_executor.executor.parallel:run_until_complete finished with '0'
[16.034s] DEBUG:colcon.colcon_core.event_reactor:joining thread
[16.039s] INFO:colcon.colcon_core.plugin_system:Skipping extension 'colcon_notification.desktop_notification.terminal_notifier': Not used on non-Darwin systems
[16.039s] INFO:colcon.colcon_core.plugin_system:Skipping extension 'colcon_notification.desktop_notification.win32': Not used on non-Windows systems
[16.039s] INFO:colcon.colcon_notification.desktop_notification:Sending desktop notification using 'notify2'
[16.051s] DEBUG:colcon.colcon_core.event_reactor:joined thread
[16.052s] INFO:colcon.colcon_core.shell:Creating prefix script '/home/airlab/SMIP_UAV/install/local_setup.ps1'
[16.053s] INFO:colcon.colcon_core.shell:Creating prefix util module '/home/airlab/SMIP_UAV/install/_local_setup_util_ps1.py'
[16.054s] INFO:colcon.colcon_core.shell:Creating prefix chain script '/home/airlab/SMIP_UAV/install/setup.ps1'
[16.056s] INFO:colcon.colcon_core.shell:Creating prefix script '/home/airlab/SMIP_UAV/install/local_setup.sh'
[16.056s] INFO:colcon.colcon_core.shell:Creating prefix util module '/home/airlab/SMIP_UAV/install/_local_setup_util_sh.py'
[16.057s] INFO:colcon.colcon_core.shell:Creating prefix chain script '/home/airlab/SMIP_UAV/install/setup.sh'
[16.058s] INFO:colcon.colcon_core.shell:Creating prefix script '/home/airlab/SMIP_UAV/install/local_setup.bash'
[16.059s] INFO:colcon.colcon_core.shell:Creating prefix chain script '/home/airlab/SMIP_UAV/install/setup.bash'
[16.060s] INFO:colcon.colcon_core.shell:Creating prefix script '/home/airlab/SMIP_UAV/install/local_setup.zsh'
[16.060s] INFO:colcon.colcon_core.shell:Creating prefix chain script '/home/airlab/SMIP_UAV/install/setup.zsh'
