[0.011s] Invoking command in '/home/airlab/SMIP_UAV/build/smip_uav': CMAKE_PREFIX_PATH=${CMAKE_PREFIX_PATH}:/opt/ros/humble /usr/bin/cmake --build /home/airlab/SMIP_UAV/build/smip_uav -- -j8 -l8
[0.050s] [35m[1mConsolidate compiler generated dependencies of target smip_uav_node[0m
[0.069s] [ 25%] [32mBuilding CXX object CMakeFiles/smip_uav_node.dir/src/ros_nodes/map_node.cpp.o[0m
[14.104s] [ 50%] [32m[1mLinking CXX executable smip_uav_node[0m
[14.272s] [100%] Built target smip_uav_node
[14.283s] Invoked command in '/home/airlab/SMIP_UAV/build/smip_uav' returned '0': CMAKE_PREFIX_PATH=${CMAKE_PREFIX_PATH}:/opt/ros/humble /usr/bin/cmake --build /home/airlab/SMIP_UAV/build/smip_uav -- -j8 -l8
[14.292s] Invoking command in '/home/airlab/SMIP_UAV/build/smip_uav': CMAKE_PREFIX_PATH=${CMAKE_PREFIX_PATH}:/opt/ros/humble /usr/bin/cmake --install /home/airlab/SMIP_UAV/build/smip_uav
[14.297s] -- Install configuration: ""
[14.297s] -- Installing: /home/airlab/SMIP_UAV/install/smip_uav/lib/smip_uav/smip_uav_node
[14.298s] -- Set runtime path of "/home/airlab/SMIP_UAV/install/smip_uav/lib/smip_uav/smip_uav_node" to ""
[14.299s] -- Up-to-date: /home/airlab/SMIP_UAV/install/smip_uav/share/ament_index/resource_index/package_run_dependencies/smip_uav
[14.299s] -- Up-to-date: /home/airlab/SMIP_UAV/install/smip_uav/share/ament_index/resource_index/parent_prefix_path/smip_uav
[14.299s] -- Up-to-date: /home/airlab/SMIP_UAV/install/smip_uav/share/smip_uav/environment/ament_prefix_path.sh
[14.299s] -- Up-to-date: /home/airlab/SMIP_UAV/install/smip_uav/share/smip_uav/environment/ament_prefix_path.dsv
[14.299s] -- Up-to-date: /home/airlab/SMIP_UAV/install/smip_uav/share/smip_uav/environment/path.sh
[14.299s] -- Up-to-date: /home/airlab/SMIP_UAV/install/smip_uav/share/smip_uav/environment/path.dsv
[14.299s] -- Up-to-date: /home/airlab/SMIP_UAV/install/smip_uav/share/smip_uav/local_setup.bash
[14.299s] -- Up-to-date: /home/airlab/SMIP_UAV/install/smip_uav/share/smip_uav/local_setup.sh
[14.299s] -- Up-to-date: /home/airlab/SMIP_UAV/install/smip_uav/share/smip_uav/local_setup.zsh
[14.299s] -- Up-to-date: /home/airlab/SMIP_UAV/install/smip_uav/share/smip_uav/local_setup.dsv
[14.299s] -- Installing: /home/airlab/SMIP_UAV/install/smip_uav/share/smip_uav/package.dsv
[14.299s] -- Up-to-date: /home/airlab/SMIP_UAV/install/smip_uav/share/ament_index/resource_index/packages/smip_uav
[14.299s] -- Up-to-date: /home/airlab/SMIP_UAV/install/smip_uav/share/smip_uav/cmake/smip_uavConfig.cmake
[14.299s] -- Up-to-date: /home/airlab/SMIP_UAV/install/smip_uav/share/smip_uav/cmake/smip_uavConfig-version.cmake
[14.299s] -- Up-to-date: /home/airlab/SMIP_UAV/install/smip_uav/share/smip_uav/package.xml
[14.301s] Invoked command in '/home/airlab/SMIP_UAV/build/smip_uav' returned '0': CMAKE_PREFIX_PATH=${CMAKE_PREFIX_PATH}:/opt/ros/humble /usr/bin/cmake --install /home/airlab/SMIP_UAV/build/smip_uav
