[35m[1mConsolidate compiler generated dependencies of target smip_uav_node[0m
[ 75%] [32mBuilding CXX object CMakeFiles/smip_uav_node.dir/src/smip_exec.cpp.o[0m
[ 75%] [32mBuilding CXX object CMakeFiles/smip_uav_node.dir/src/surfel_map/sensor_data_preprocess.cpp.o[0m
[ 75%] [32mBuilding CXX object CMakeFiles/smip_uav_node.dir/src/ros_nodes/map_node.cpp.o[0m
[100%] [32m[1mLinking CXX executable smip_uav_node[0m
[100%] Built target smip_uav_node
-- Install configuration: ""
-- Installing: /home/airlab/SMIP_UAV/install/smip_uav/lib/smip_uav/smip_uav_node
-- Set runtime path of "/home/airlab/SMIP_UAV/install/smip_uav/lib/smip_uav/smip_uav_node" to ""
-- Up-to-date: /home/airlab/SMIP_UAV/install/smip_uav/share/ament_index/resource_index/package_run_dependencies/smip_uav
-- Up-to-date: /home/airlab/SMIP_UAV/install/smip_uav/share/ament_index/resource_index/parent_prefix_path/smip_uav
-- Up-to-date: /home/airlab/SMIP_UAV/install/smip_uav/share/smip_uav/environment/ament_prefix_path.sh
-- Up-to-date: /home/airlab/SMIP_UAV/install/smip_uav/share/smip_uav/environment/ament_prefix_path.dsv
-- Up-to-date: /home/airlab/SMIP_UAV/install/smip_uav/share/smip_uav/environment/path.sh
-- Up-to-date: /home/airlab/SMIP_UAV/install/smip_uav/share/smip_uav/environment/path.dsv
-- Up-to-date: /home/airlab/SMIP_UAV/install/smip_uav/share/smip_uav/local_setup.bash
-- Up-to-date: /home/airlab/SMIP_UAV/install/smip_uav/share/smip_uav/local_setup.sh
-- Up-to-date: /home/airlab/SMIP_UAV/install/smip_uav/share/smip_uav/local_setup.zsh
-- Up-to-date: /home/airlab/SMIP_UAV/install/smip_uav/share/smip_uav/local_setup.dsv
-- Installing: /home/airlab/SMIP_UAV/install/smip_uav/share/smip_uav/package.dsv
-- Up-to-date: /home/airlab/SMIP_UAV/install/smip_uav/share/ament_index/resource_index/packages/smip_uav
-- Up-to-date: /home/airlab/SMIP_UAV/install/smip_uav/share/smip_uav/cmake/smip_uavConfig.cmake
-- Up-to-date: /home/airlab/SMIP_UAV/install/smip_uav/share/smip_uav/cmake/smip_uavConfig-version.cmake
-- Up-to-date: /home/airlab/SMIP_UAV/install/smip_uav/share/smip_uav/package.xml
