[0.010s] Invoking command in '/home/airlab/SMIP_UAV/build/smip_uav': CMAKE_PREFIX_PATH=${CMAKE_PREFIX_PATH}:/opt/ros/humble /usr/bin/cmake --build /home/airlab/SMIP_UAV/build/smip_uav -- -j8 -l8
[0.057s] [35m[1mConsolidate compiler generated dependencies of target smip_uav_node[0m
[0.077s] [ 25%] [32mBuilding CXX object CMakeFiles/smip_uav_node.dir/src/surfel_map/sensor_data_preprocess.cpp.o[0m
[2.056s] [ 50%] [32m[1mLinking CXX executable smip_uav_node[0m
[2.228s] [100%] Built target smip_uav_node
[2.238s] Invoked command in '/home/airlab/SMIP_UAV/build/smip_uav' returned '0': CMAKE_PREFIX_PATH=${CMAKE_PREFIX_PATH}:/opt/ros/humble /usr/bin/cmake --build /home/airlab/SMIP_UAV/build/smip_uav -- -j8 -l8
[2.246s] Invoking command in '/home/airlab/SMIP_UAV/build/smip_uav': CMAKE_PREFIX_PATH=${CMAKE_PREFIX_PATH}:/opt/ros/humble /usr/bin/cmake --install /home/airlab/SMIP_UAV/build/smip_uav
[2.252s] -- Install configuration: ""
[2.252s] -- Installing: /home/airlab/SMIP_UAV/install/smip_uav/lib/smip_uav/smip_uav_node
[2.253s] -- Set runtime path of "/home/airlab/SMIP_UAV/install/smip_uav/lib/smip_uav/smip_uav_node" to ""
[2.253s] -- Up-to-date: /home/airlab/SMIP_UAV/install/smip_uav/share/ament_index/resource_index/package_run_dependencies/smip_uav
[2.253s] -- Up-to-date: /home/airlab/SMIP_UAV/install/smip_uav/share/ament_index/resource_index/parent_prefix_path/smip_uav
[2.253s] -- Up-to-date: /home/airlab/SMIP_UAV/install/smip_uav/share/smip_uav/environment/ament_prefix_path.sh
[2.253s] -- Up-to-date: /home/airlab/SMIP_UAV/install/smip_uav/share/smip_uav/environment/ament_prefix_path.dsv
[2.253s] -- Up-to-date: /home/airlab/SMIP_UAV/install/smip_uav/share/smip_uav/environment/path.sh
[2.254s] -- Up-to-date: /home/airlab/SMIP_UAV/install/smip_uav/share/smip_uav/environment/path.dsv
[2.254s] -- Up-to-date: /home/airlab/SMIP_UAV/install/smip_uav/share/smip_uav/local_setup.bash
[2.254s] -- Up-to-date: /home/airlab/SMIP_UAV/install/smip_uav/share/smip_uav/local_setup.sh
[2.254s] -- Up-to-date: /home/airlab/SMIP_UAV/install/smip_uav/share/smip_uav/local_setup.zsh
[2.254s] -- Up-to-date: /home/airlab/SMIP_UAV/install/smip_uav/share/smip_uav/local_setup.dsv
[2.254s] -- Installing: /home/airlab/SMIP_UAV/install/smip_uav/share/smip_uav/package.dsv
[2.254s] -- Up-to-date: /home/airlab/SMIP_UAV/install/smip_uav/share/ament_index/resource_index/packages/smip_uav
[2.254s] -- Up-to-date: /home/airlab/SMIP_UAV/install/smip_uav/share/smip_uav/cmake/smip_uavConfig.cmake
[2.254s] -- Up-to-date: /home/airlab/SMIP_UAV/install/smip_uav/share/smip_uav/cmake/smip_uavConfig-version.cmake
[2.254s] -- Up-to-date: /home/airlab/SMIP_UAV/install/smip_uav/share/smip_uav/package.xml
[2.255s] Invoked command in '/home/airlab/SMIP_UAV/build/smip_uav' returned '0': CMAKE_PREFIX_PATH=${CMAKE_PREFIX_PATH}:/opt/ros/humble /usr/bin/cmake --install /home/airlab/SMIP_UAV/build/smip_uav
