[0.009s] Invoking command in '/home/airlab/SMIP_UAV/build/smip_uav': CMAKE_PREFIX_PATH=${CMAKE_PREFIX_PATH}:/opt/ros/humble /usr/bin/cmake --build /home/airlab/SMIP_UAV/build/smip_uav -- -j8 -l8
[0.066s] [35m[1mConsolidate compiler generated dependencies of target smip_uav_node[0m
[0.089s] [ 25%] [32mBuilding CXX object CMakeFiles/smip_uav_node.dir/src/smip_exec.cpp.o[0m
[0.091s] [ 50%] [32mBuilding CXX object CMakeFiles/smip_uav_node.dir/src/ros_nodes/map_node.cpp.o[0m
[14.742s] [ 75%] [32m[1mLinking CXX executable smip_uav_node[0m
[14.909s] [100%] Built target smip_uav_node
[14.917s] Invoked command in '/home/airlab/SMIP_UAV/build/smip_uav' returned '0': CMAKE_PREFIX_PATH=${CMAKE_PREFIX_PATH}:/opt/ros/humble /usr/bin/cmake --build /home/airlab/SMIP_UAV/build/smip_uav -- -j8 -l8
[14.926s] Invoking command in '/home/airlab/SMIP_UAV/build/smip_uav': CMAKE_PREFIX_PATH=${CMAKE_PREFIX_PATH}:/opt/ros/humble /usr/bin/cmake --install /home/airlab/SMIP_UAV/build/smip_uav
[14.932s] -- Install configuration: ""
[14.932s] -- Installing: /home/airlab/SMIP_UAV/install/smip_uav/lib/smip_uav/smip_uav_node
[14.933s] -- Set runtime path of "/home/airlab/SMIP_UAV/install/smip_uav/lib/smip_uav/smip_uav_node" to ""
[14.933s] -- Up-to-date: /home/airlab/SMIP_UAV/install/smip_uav/share/ament_index/resource_index/package_run_dependencies/smip_uav
[14.933s] -- Up-to-date: /home/airlab/SMIP_UAV/install/smip_uav/share/ament_index/resource_index/parent_prefix_path/smip_uav
[14.933s] -- Up-to-date: /home/airlab/SMIP_UAV/install/smip_uav/share/smip_uav/environment/ament_prefix_path.sh
[14.933s] -- Up-to-date: /home/airlab/SMIP_UAV/install/smip_uav/share/smip_uav/environment/ament_prefix_path.dsv
[14.933s] -- Up-to-date: /home/airlab/SMIP_UAV/install/smip_uav/share/smip_uav/environment/path.sh
[14.933s] -- Up-to-date: /home/airlab/SMIP_UAV/install/smip_uav/share/smip_uav/environment/path.dsv
[14.933s] -- Up-to-date: /home/airlab/SMIP_UAV/install/smip_uav/share/smip_uav/local_setup.bash
[14.933s] -- Up-to-date: /home/airlab/SMIP_UAV/install/smip_uav/share/smip_uav/local_setup.sh
[14.933s] -- Up-to-date: /home/airlab/SMIP_UAV/install/smip_uav/share/smip_uav/local_setup.zsh
[14.933s] -- Up-to-date: /home/airlab/SMIP_UAV/install/smip_uav/share/smip_uav/local_setup.dsv
[14.933s] -- Installing: /home/airlab/SMIP_UAV/install/smip_uav/share/smip_uav/package.dsv
[14.933s] -- Up-to-date: /home/airlab/SMIP_UAV/install/smip_uav/share/ament_index/resource_index/packages/smip_uav
[14.934s] -- Up-to-date: /home/airlab/SMIP_UAV/install/smip_uav/share/smip_uav/cmake/smip_uavConfig.cmake
[14.934s] -- Up-to-date: /home/airlab/SMIP_UAV/install/smip_uav/share/smip_uav/cmake/smip_uavConfig-version.cmake
[14.934s] -- Up-to-date: /home/airlab/SMIP_UAV/install/smip_uav/share/smip_uav/package.xml
[14.935s] Invoked command in '/home/airlab/SMIP_UAV/build/smip_uav' returned '0': CMAKE_PREFIX_PATH=${CMAKE_PREFIX_PATH}:/opt/ros/humble /usr/bin/cmake --install /home/airlab/SMIP_UAV/build/smip_uav
